Compilation failed:
    source file: '/home/ubuntu/opencv/build_wasm/CMakeFiles/CMakeTmp/src.cxx'
    check option: ' -fsigned-char -W -Wall -Werror=return-type -Werror=non-virtual-dtor -Werror=address -Werror=sequence-point -Wformat -Werror=format-security -Wmissing-declarations -Wmissing-prototypes -Wstrict-prototypes -Wundef -Winit-self -Wpointer-arith -Wshadow -Wsign-promo -Wuninitialized -Winit-self -Winconsistent-missing-override -Wno-narrowing -Wno-delete-non-virtual-dtor -Wno-unnamed-type-template-args -Wno-comment -fdiagnostics-show-option -pthread -Qunused-arguments -ffunction-sections -fdata-sections   -mfpmath=387'
===== BUILD LOG =====
Change Dir: /home/ubuntu/opencv/build_wasm/CMakeFiles/CMakeTmp

Run Build Command:"/usr/bin/make" "cmTC_94b73/fast"
/usr/bin/make -f CMakeFiles/cmTC_94b73.dir/build.make CMakeFiles/cmTC_94b73.dir/build
make[1]: Entering directory '/home/ubuntu/opencv/build_wasm/CMakeFiles/CMakeTmp'
Building CXX object CMakeFiles/cmTC_94b73.dir/src.cxx.o
/home/ubuntu/emsdk/emscripten/1.38.6/em++     -s WASM=1   -DNDEBUG -O2 -fPIE   -fsigned-char -W -Wall -Werror=return-type -Werror=non-virtual-dtor -Werror=address -Werror=sequence-point -Wformat -Werror=format-security -Wmissing-declarations -Wmissing-prototypes -Wstrict-prototypes -Wundef -Winit-self -Wpointer-arith -Wshadow -Wsign-promo -Wuninitialized -Winit-self -Winconsistent-missing-override -Wno-narrowing -Wno-delete-non-virtual-dtor -Wno-unnamed-type-template-args -Wno-comment -fdiagnostics-show-option -pthread -Qunused-arguments -ffunction-sections -fdata-sections -mfpmath=387 -o CMakeFiles/cmTC_94b73.dir/src.cxx.o -c /home/ubuntu/opencv/build_wasm/CMakeFiles/CMakeTmp/src.cxx
error: unknown FP unit '387'
ERROR:root:compiler frontend failed to generate LLVM bitcode, halting
CMakeFiles/cmTC_94b73.dir/build.make:65: recipe for target 'CMakeFiles/cmTC_94b73.dir/src.cxx.o' failed
make[1]: *** [CMakeFiles/cmTC_94b73.dir/src.cxx.o] Error 1
make[1]: Leaving directory '/home/ubuntu/opencv/build_wasm/CMakeFiles/CMakeTmp'
Makefile:126: recipe for target 'cmTC_94b73/fast' failed
make: *** [cmTC_94b73/fast] Error 2

===== END =====

Compilation failed:
    source file: '/home/ubuntu/opencv/build_wasm/CMakeFiles/CMakeTmp/src.c'
    check option: ' -fsigned-char -W -Wall -Werror=return-type -Werror=non-virtual-dtor -Werror=address -Werror=sequence-point -Wformat -Werror=format-security -Wmissing-declarations -Wmissing-prototypes -Wstrict-prototypes -Wundef -Winit-self -Wpointer-arith -Wshadow -Wsign-promo -Wuninitialized -Winit-self -Winconsistent-missing-override -Wno-narrowing -Wno-delete-non-virtual-dtor -Wno-unnamed-type-template-args -Wno-comment -fdiagnostics-show-option -pthread -Qunused-arguments -ffunction-sections -fdata-sections   -mfpmath=387'
===== BUILD LOG =====
Change Dir: /home/ubuntu/opencv/build_wasm/CMakeFiles/CMakeTmp

Run Build Command:"/usr/bin/make" "cmTC_7e57b/fast"
/usr/bin/make -f CMakeFiles/cmTC_7e57b.dir/build.make CMakeFiles/cmTC_7e57b.dir/build
make[1]: Entering directory '/home/ubuntu/opencv/build_wasm/CMakeFiles/CMakeTmp'
Building C object CMakeFiles/cmTC_7e57b.dir/src.c.o
/home/ubuntu/emsdk/emscripten/1.38.6/emcc    -s WASM=1   -DNDEBUG -O2 -fPIE   -fsigned-char -W -Wall -Werror=return-type -Werror=non-virtual-dtor -Werror=address -Werror=sequence-point -Wformat -Werror=format-security -Wmissing-declarations -Wmissing-prototypes -Wstrict-prototypes -Wundef -Winit-self -Wpointer-arith -Wshadow -Wsign-promo -Wuninitialized -Winit-self -Winconsistent-missing-override -Wno-narrowing -Wno-delete-non-virtual-dtor -Wno-unnamed-type-template-args -Wno-comment -fdiagnostics-show-option -pthread -Qunused-arguments -ffunction-sections -fdata-sections -mfpmath=387 -o CMakeFiles/cmTC_7e57b.dir/src.c.o   -c /home/ubuntu/opencv/build_wasm/CMakeFiles/CMakeTmp/src.c
error: unknown FP unit '387'
ERROR:root:compiler frontend failed to generate LLVM bitcode, halting
CMakeFiles/cmTC_7e57b.dir/build.make:65: recipe for target 'CMakeFiles/cmTC_7e57b.dir/src.c.o' failed
make[1]: *** [CMakeFiles/cmTC_7e57b.dir/src.c.o] Error 1
make[1]: Leaving directory '/home/ubuntu/opencv/build_wasm/CMakeFiles/CMakeTmp'
Makefile:126: recipe for target 'cmTC_7e57b/fast' failed
make: *** [cmTC_7e57b/fast] Error 2

===== END =====

Determining size of off64_t failed with the following output:
Change Dir: /home/ubuntu/opencv/build_wasm/CMakeFiles/CMakeTmp

Run Build Command:"/usr/bin/make" "cmTC_d983f/fast"
/usr/bin/make -f CMakeFiles/cmTC_d983f.dir/build.make CMakeFiles/cmTC_d983f.dir/build
make[1]: Entering directory '/home/ubuntu/opencv/build_wasm/CMakeFiles/CMakeTmp'
Building C object CMakeFiles/cmTC_d983f.dir/OFF64_T.c.o
/home/ubuntu/emsdk/emscripten/1.38.6/emcc    -s WASM=1    -fsigned-char -W -Wall -Werror=return-type -Werror=non-virtual-dtor -Werror=address -Werror=sequence-point -Wformat -Werror=format-security -Wmissing-declarations -Wmissing-prototypes -Wstrict-prototypes -Wundef -Winit-self -Wpointer-arith -Wshadow -Wsign-promo -Wuninitialized -Winit-self -Winconsistent-missing-override -Wno-narrowing -Wno-delete-non-virtual-dtor -Wno-unnamed-type-template-args -Wno-comment -fdiagnostics-show-option -pthread -Qunused-arguments -ffunction-sections -fdata-sections  -fvisibility=hidden -fvisibility-inlines-hidden -s ERROR_ON_UNDEFINED_SYMBOLS=1 -s WASM=0 -DNDEBUG -O2 -fPIE   -o CMakeFiles/cmTC_d983f.dir/OFF64_T.c.o   -c /home/ubuntu/opencv/build_wasm/CMakeFiles/CheckTypeSize/OFF64_T.c
/home/ubuntu/opencv/build_wasm/CMakeFiles/CheckTypeSize/OFF64_T.c:19:12: error: use of undeclared identifier 'off64_t'
  ('0' + ((SIZE / 10000)%10)),
           ^
/home/ubuntu/opencv/build_wasm/CMakeFiles/CheckTypeSize/OFF64_T.c:17:22: note: expanded from macro 'SIZE'
#define SIZE (sizeof(off64_t))
                     ^
/home/ubuntu/opencv/build_wasm/CMakeFiles/CheckTypeSize/OFF64_T.c:20:12: error: use of undeclared identifier 'off64_t'
  ('0' + ((SIZE / 1000)%10)),
           ^
/home/ubuntu/opencv/build_wasm/CMakeFiles/CheckTypeSize/OFF64_T.c:17:22: note: expanded from macro 'SIZE'
#define SIZE (sizeof(off64_t))
                     ^
/home/ubuntu/opencv/build_wasm/CMakeFiles/CheckTypeSize/OFF64_T.c:21:12: error: use of undeclared identifier 'off64_t'
  ('0' + ((SIZE / 100)%10)),
           ^
/home/ubuntu/opencv/build_wasm/CMakeFiles/CheckTypeSize/OFF64_T.c:17:22: note: expanded from macro 'SIZE'
#define SIZE (sizeof(off64_t))
                     ^
/home/ubuntu/opencv/build_wasm/CMakeFiles/CheckTypeSize/OFF64_T.c:22:12: error: use of undeclared identifier 'off64_t'
  ('0' + ((SIZE / 10)%10)),
           ^
/home/ubuntu/opencv/build_wasm/CMakeFiles/CheckTypeSize/OFF64_T.c:17:22: note: expanded from macro 'SIZE'
#define SIZE (sizeof(off64_t))
                     ^
/home/ubuntu/opencv/build_wasm/CMakeFiles/CheckTypeSize/OFF64_T.c:23:12: error: use of undeclared identifier 'off64_t'
  ('0' +  (SIZE    % 10)),
           ^
/home/ubuntu/opencv/build_wasm/CMakeFiles/CheckTypeSize/OFF64_T.c:17:22: note: expanded from macro 'SIZE'
#define SIZE (sizeof(off64_t))
                     ^
/home/ubuntu/opencv/build_wasm/CMakeFiles/CheckTypeSize/OFF64_T.c:39:10: error: use of undeclared identifier 'off64_t'
  return SIZE;
         ^
/home/ubuntu/opencv/build_wasm/CMakeFiles/CheckTypeSize/OFF64_T.c:17:22: note: expanded from macro 'SIZE'
#define SIZE (sizeof(off64_t))
                     ^
6 errors generated.
ERROR:root:compiler frontend failed to generate LLVM bitcode, halting
CMakeFiles/cmTC_d983f.dir/build.make:65: recipe for target 'CMakeFiles/cmTC_d983f.dir/OFF64_T.c.o' failed
make[1]: *** [CMakeFiles/cmTC_d983f.dir/OFF64_T.c.o] Error 1
make[1]: Leaving directory '/home/ubuntu/opencv/build_wasm/CMakeFiles/CMakeTmp'
Makefile:126: recipe for target 'cmTC_d983f/fast' failed
make: *** [cmTC_d983f/fast] Error 2

/home/ubuntu/opencv/build_wasm/CMakeFiles/CheckTypeSize/OFF64_T.c:
#include <sys/types.h>
#include <stdint.h>
#include <stddef.h>


#undef KEY
#if defined(__i386)
# define KEY '_','_','i','3','8','6'
#elif defined(__x86_64)
# define KEY '_','_','x','8','6','_','6','4'
#elif defined(__ppc__)
# define KEY '_','_','p','p','c','_','_'
#elif defined(__ppc64__)
# define KEY '_','_','p','p','c','6','4','_','_'
#endif

#define SIZE (sizeof(off64_t))
char info_size[] =  {'I', 'N', 'F', 'O', ':', 's','i','z','e','[',
  ('0' + ((SIZE / 10000)%10)),
  ('0' + ((SIZE / 1000)%10)),
  ('0' + ((SIZE / 100)%10)),
  ('0' + ((SIZE / 10)%10)),
  ('0' +  (SIZE    % 10)),
  ']',
#ifdef KEY
  ' ','k','e','y','[', KEY, ']',
#endif
  '\0'};

#ifdef __CLASSIC_C__
int main(argc, argv) int argc; char *argv[];
#else
int main(int argc, char *argv[])
#endif
{
  int require = 0;
  require += info_size[argc];
  (void)argv;
  return SIZE;
}


Build output check failed:
    Regex: 'unknown .*option'
    Output line: 'warning: unknown warning option '-Wno-suggest-override', did you mean '-Wno-shift-overflow'? [-Wunknown-warning-option]'
Compilation failed:
    source file: '/home/ubuntu/opencv/build_wasm/CMakeFiles/CMakeTmp/src.cxx'
    check option: ' -Wno-suggest-override'
===== BUILD LOG =====
Change Dir: /home/ubuntu/opencv/build_wasm/CMakeFiles/CMakeTmp

Run Build Command:"/usr/bin/make" "cmTC_74c0d/fast"
/usr/bin/make -f CMakeFiles/cmTC_74c0d.dir/build.make CMakeFiles/cmTC_74c0d.dir/build
make[1]: Entering directory '/home/ubuntu/opencv/build_wasm/CMakeFiles/CMakeTmp'
Building CXX object CMakeFiles/cmTC_74c0d.dir/src.cxx.o
/home/ubuntu/emsdk/emscripten/1.38.6/em++     -s WASM=1    -fsigned-char -W -Wall -Werror=return-type -Werror=non-virtual-dtor -Werror=address -Werror=sequence-point -Wformat -Werror=format-security   -Wstrict-prototypes  -Winit-self -Wpointer-arith   -Wuninitialized -Winit-self -Winconsistent-missing-override -Wno-narrowing -Wno-delete-non-virtual-dtor -Wno-unnamed-type-template-args -Wno-comment -fdiagnostics-show-option -pthread -Qunused-arguments -ffunction-sections -fdata-sections  -fvisibility=hidden -fvisibility-inlines-hidden -Wno-deprecated -Wno-missing-prototypes -Wno-missing-declarations -Wno-shadow -Wno-unused-parameter -Wno-unused-local-typedefs -Wno-sign-compare -Wno-sign-promo -Wno-undef -Wno-tautological-undefined-compare -Wno-ignored-qualifiers -Wno-extra -Wno-unused-function -Wno-unused-const-variable -Wno-shorten-64-to-32 -Wno-invalid-offsetof -Wno-enum-compare-switch  -DNDEBUG -O2 -fPIE   -Wno-suggest-override -o CMakeFiles/cmTC_74c0d.dir/src.cxx.o -c /home/ubuntu/opencv/build_wasm/CMakeFiles/CMakeTmp/src.cxx
warning: unknown warning option '-Wno-suggest-override'; did you mean '-Wno-shift-overflow'? [-Wunknown-warning-option]
/home/ubuntu/opencv/build_wasm/CMakeFiles/CMakeTmp/src.cxx:1:8: warning: unknown pragma ignored [-Wunknown-pragmas]
#pragma
       ^
2 warnings generated.
Linking CXX executable cmTC_74c0d.js
/usr/bin/cmake -E cmake_link_script CMakeFiles/cmTC_74c0d.dir/link.txt --verbose=1
/home/ubuntu/emsdk/emscripten/1.38.6/em++   -s WASM=1    -fsigned-char -W -Wall -Werror=return-type -Werror=non-virtual-dtor -Werror=address -Werror=sequence-point -Wformat -Werror=format-security   -Wstrict-prototypes  -Winit-self -Wpointer-arith   -Wuninitialized -Winit-self -Winconsistent-missing-override -Wno-narrowing -Wno-delete-non-virtual-dtor -Wno-unnamed-type-template-args -Wno-comment -fdiagnostics-show-option -pthread -Qunused-arguments -ffunction-sections -fdata-sections  -fvisibility=hidden -fvisibility-inlines-hidden -Wno-deprecated -Wno-missing-prototypes -Wno-missing-declarations -Wno-shadow -Wno-unused-parameter -Wno-unused-local-typedefs -Wno-sign-compare -Wno-sign-promo -Wno-undef -Wno-tautological-undefined-compare -Wno-ignored-qualifiers -Wno-extra -Wno-unused-function -Wno-unused-const-variable -Wno-shorten-64-to-32 -Wno-invalid-offsetof -Wno-enum-compare-switch  -DNDEBUG -O2    -Wl,--gc-sections  -O2 @CMakeFiles/cmTC_74c0d.dir/objects1.rsp  -o cmTC_74c0d.js 
make[1]: Leaving directory '/home/ubuntu/opencv/build_wasm/CMakeFiles/CMakeTmp'

===== END =====

Build output check failed:
    Regex: 'unknown .*option'
    Output line: 'warning: unknown warning option '-Wno-maybe-uninitialized', did you mean '-Wno-uninitialized'? [-Wunknown-warning-option]'
Compilation failed:
    source file: '/home/ubuntu/opencv/build_wasm/CMakeFiles/CMakeTmp/src.cxx'
    check option: ' -Wno-maybe-uninitialized'
===== BUILD LOG =====
Change Dir: /home/ubuntu/opencv/build_wasm/CMakeFiles/CMakeTmp

Run Build Command:"/usr/bin/make" "cmTC_20888/fast"
/usr/bin/make -f CMakeFiles/cmTC_20888.dir/build.make CMakeFiles/cmTC_20888.dir/build
make[1]: Entering directory '/home/ubuntu/opencv/build_wasm/CMakeFiles/CMakeTmp'
Building CXX object CMakeFiles/cmTC_20888.dir/src.cxx.o
/home/ubuntu/emsdk/emscripten/1.38.6/em++     -s WASM=1    -fsigned-char -W -Wall -Werror=return-type -Werror=non-virtual-dtor -Werror=address -Werror=sequence-point -Wformat -Werror=format-security -Wmissing-declarations -Wmissing-prototypes -Wstrict-prototypes -Wundef -Winit-self -Wpointer-arith -Wshadow -Wsign-promo -Wuninitialized -Winit-self -Winconsistent-missing-override -Wno-narrowing -Wno-delete-non-virtual-dtor -Wno-unnamed-type-template-args -Wno-comment -fdiagnostics-show-option -pthread -Qunused-arguments -ffunction-sections -fdata-sections  -fvisibility=hidden -fvisibility-inlines-hidden -Wno-shadow -Wno-parentheses  -DNDEBUG -O2 -fPIE   -Wno-maybe-uninitialized -o CMakeFiles/cmTC_20888.dir/src.cxx.o -c /home/ubuntu/opencv/build_wasm/CMakeFiles/CMakeTmp/src.cxx
warning: unknown warning option '-Wno-maybe-uninitialized'; did you mean '-Wno-uninitialized'? [-Wunknown-warning-option]
/home/ubuntu/opencv/build_wasm/CMakeFiles/CMakeTmp/src.cxx:1:8: warning: unknown pragma ignored [-Wunknown-pragmas]
#pragma
       ^
2 warnings generated.
Linking CXX executable cmTC_20888.js
/usr/bin/cmake -E cmake_link_script CMakeFiles/cmTC_20888.dir/link.txt --verbose=1
/home/ubuntu/emsdk/emscripten/1.38.6/em++   -s WASM=1    -fsigned-char -W -Wall -Werror=return-type -Werror=non-virtual-dtor -Werror=address -Werror=sequence-point -Wformat -Werror=format-security -Wmissing-declarations -Wmissing-prototypes -Wstrict-prototypes -Wundef -Winit-self -Wpointer-arith -Wshadow -Wsign-promo -Wuninitialized -Winit-self -Winconsistent-missing-override -Wno-narrowing -Wno-delete-non-virtual-dtor -Wno-unnamed-type-template-args -Wno-comment -fdiagnostics-show-option -pthread -Qunused-arguments -ffunction-sections -fdata-sections  -fvisibility=hidden -fvisibility-inlines-hidden -Wno-shadow -Wno-parentheses  -DNDEBUG -O2    -Wl,--gc-sections  -O2 @CMakeFiles/cmTC_20888.dir/objects1.rsp  -o cmTC_20888.js 
make[1]: Leaving directory '/home/ubuntu/opencv/build_wasm/CMakeFiles/CMakeTmp'

===== END =====

